<?xml version="1.0" encoding="UTF-8"?>
<!-- Generated by org.testng.reporters.JUnitXMLReporter -->
<testsuite ignored="1" hostname="DESKTOP-JC5UOC0" failures="0" tests="1" name="Default test" time="6.53" errors="0" timestamp="2023-04-29T12:52:16 IST">
  <testcase classname="com.tutorialsninja.qa.testcases.LaunchBrowser" name="getPageSource" time="6.458"/>
  <testcase classname="com.tutorialsninja.qa.testcases.LaunchBrowser" name="launchBrowser" time="0.0">
    <ignored/>
  </testcase> <!-- launchBrowser -->
</testsuite> <!-- Default test -->
