<?xml version="1.0" encoding="UTF-8"?>
<testng-results ignored="1" total="2" passed="1" failed="0" skipped="0">
  <reporter-output>
  </reporter-output>
  <suite started-at="2023-04-29T12:52:10 IST" name="Default suite" finished-at="2023-04-29T12:52:16 IST" duration-ms="6530">
    <groups>
    </groups>
    <test started-at="2023-04-29T12:52:10 IST" name="Default test" finished-at="2023-04-29T12:52:16 IST" duration-ms="6530">
      <class name="com.tutorialsninja.qa.testcases.LaunchBrowser">
        <test-method signature="getPageSource()[pri:0, instance:com.tutorialsninja.qa.testcases.LaunchBrowser@2794eab6]" started-at="2023-04-29T12:52:10 IST" name="getPageSource" finished-at="2023-04-29T12:52:16 IST" duration-ms="6458" status="PASS">
          <reporter-output>
          </reporter-output>
        </test-method> <!-- getPageSource -->
      </class> <!-- com.tutorialsninja.qa.testcases.LaunchBrowser -->
    </test> <!-- Default test -->
  </suite> <!-- Default suite -->
</testng-results>
